*******************************************************************
Molecule: ZINC17062692_283_0
*******************************************************************


#Mogul file location:               /local/pcurran/CCDC/CSD_2020/data
#rotatable bonds:             3
   #CSD rotamer library:      3 / 3
   #user fragment library:    0 / 3
   #no rotamer information:   0 / 3

#flexible ring systems:       0
   #CSD template library:     0 / 0
   #no template:              0 / 0

#conformers generated:        45
#conformers after clustering: 11

*******************************************************************
Molecule: ZINC33026389_283_1
*******************************************************************


#Mogul file location:               /local/pcurran/CCDC/CSD_2020/data
#rotatable bonds:             3
   #CSD rotamer library:      3 / 3
   #user fragment library:    0 / 3
   #no rotamer information:   0 / 3

#flexible ring systems:       1
   #CSD template library:     1 / 1
   #no template:              0 / 1

#conformers generated:        288
#conformers after clustering: 12

*******************************************************************
Molecule: ZINC33026392_283_2
*******************************************************************


#Mogul file location:               /local/pcurran/CCDC/CSD_2020/data
#rotatable bonds:             3
   #CSD rotamer library:      3 / 3
   #user fragment library:    0 / 3
   #no rotamer information:   0 / 3

#flexible ring systems:       1
   #CSD template library:     1 / 1
   #no template:              0 / 1

#conformers generated:        288
#conformers after clustering: 12

*******************************************************************
Molecule: ZINC05223151_283_3
*******************************************************************


#Mogul file location:               /local/pcurran/CCDC/CSD_2020/data
#rotatable bonds:             3
   #CSD rotamer library:      3 / 3
   #user fragment library:    0 / 3
   #no rotamer information:   0 / 3

#flexible ring systems:       1
   #CSD template library:     0 / 1
   #no template:              1 / 1

#conformers generated:        141
#conformers after clustering: 12

*******************************************************************
Molecule: ZINC36006835_283_4
*******************************************************************


#Mogul file location:               /local/pcurran/CCDC/CSD_2020/data
#rotatable bonds:             3
   #CSD rotamer library:      3 / 3
   #user fragment library:    0 / 3
   #no rotamer information:   0 / 3

#flexible ring systems:       1
   #CSD template library:     1 / 1
   #no template:              0 / 1

#conformers generated:        496
#conformers after clustering: 25

*******************************************************************
Molecule: ZINC36151939_283_5
*******************************************************************


#Mogul file location:               /local/pcurran/CCDC/CSD_2020/data
#rotatable bonds:             4
   #CSD rotamer library:      4 / 4
   #user fragment library:    0 / 4
   #no rotamer information:   0 / 4

#flexible ring systems:       1
   #CSD template library:     1 / 1
   #no template:              0 / 1

#conformers generated:        3786
#conformers after clustering: 25

*******************************************************************
Molecule: ZINC09009127_283_6
*******************************************************************


#Mogul file location:               /local/pcurran/CCDC/CSD_2020/data
#rotatable bonds:             3
   #CSD rotamer library:      3 / 3
   #user fragment library:    0 / 3
   #no rotamer information:   0 / 3

#flexible ring systems:       1
   #CSD template library:     1 / 1
   #no template:              0 / 1

#conformers generated:        684
#conformers after clustering: 25

*******************************************************************
Molecule: ZINC09009127_283_7
*******************************************************************


#Mogul file location:               /local/pcurran/CCDC/CSD_2020/data
#rotatable bonds:             3
   #CSD rotamer library:      3 / 3
   #user fragment library:    0 / 3
   #no rotamer information:   0 / 3

#flexible ring systems:       1
   #CSD template library:     1 / 1
   #no template:              0 / 1

#conformers generated:        592
#conformers after clustering: 25

*******************************************************************
Molecule: ZINC38818724_283_8
*******************************************************************


#Mogul file location:               /local/pcurran/CCDC/CSD_2020/data
#rotatable bonds:             3
   #CSD rotamer library:      3 / 3
   #user fragment library:    0 / 3
   #no rotamer information:   0 / 3

#flexible ring systems:       1
   #CSD template library:     1 / 1
   #no template:              0 / 1

#conformers generated:        144
#conformers after clustering: 16

*******************************************************************
Molecule: ZINC39361430_283_9
*******************************************************************


#Mogul file location:               /local/pcurran/CCDC/CSD_2020/data
#rotatable bonds:             3
   #CSD rotamer library:      3 / 3
   #user fragment library:    0 / 3
   #no rotamer information:   0 / 3

#flexible ring systems:       1
   #CSD template library:     1 / 1
   #no template:              0 / 1

#conformers generated:        382
#conformers after clustering: 20

*******************************************************************
Molecule: ZINC39457534_283_10
*******************************************************************


#Mogul file location:               /local/pcurran/CCDC/CSD_2020/data
#rotatable bonds:             2
   #CSD rotamer library:      2 / 2
   #user fragment library:    0 / 2
   #no rotamer information:   0 / 2

#flexible ring systems:       1
   #CSD template library:     1 / 1
   #no template:              0 / 1

#conformers generated:        40
#conformers after clustering: 2

*******************************************************************
Molecule: ZINC40797765_283_11
*******************************************************************


#Mogul file location:               /local/pcurran/CCDC/CSD_2020/data
#rotatable bonds:             4
   #CSD rotamer library:      4 / 4
   #user fragment library:    0 / 4
   #no rotamer information:   0 / 4

#flexible ring systems:       1
   #CSD template library:     1 / 1
   #no template:              0 / 1

#conformers generated:        2970
#conformers after clustering: 25

*******************************************************************
Molecule: ZINC46056494_283_12
*******************************************************************


#Mogul file location:               /local/pcurran/CCDC/CSD_2020/data
#rotatable bonds:             3
   #CSD rotamer library:      3 / 3
   #user fragment library:    0 / 3
   #no rotamer information:   0 / 3

#flexible ring systems:       1
   #CSD template library:     1 / 1
   #no template:              0 / 1

#conformers generated:        856
#conformers after clustering: 25

*******************************************************************
Molecule: ZINC47808543_283_13
*******************************************************************


#Mogul file location:               /local/pcurran/CCDC/CSD_2020/data
#rotatable bonds:             5
   #CSD rotamer library:      5 / 5
   #user fragment library:    0 / 5
   #no rotamer information:   0 / 5

#flexible ring systems:       2
   #CSD template library:     2 / 2
   #no template:              0 / 2

#conformers generated:        29062
#conformers after clustering: 25

*******************************************************************
Molecule: ZINC18202932_283_14
*******************************************************************


#Mogul file location:               /local/pcurran/CCDC/CSD_2020/data
#rotatable bonds:             2
   #CSD rotamer library:      2 / 2
   #user fragment library:    0 / 2
   #no rotamer information:   0 / 2

#flexible ring systems:       1
   #CSD template library:     1 / 1
   #no template:              0 / 1

#conformers generated:        167
#conformers after clustering: 4

*******************************************************************
Molecule: ZINC06203583_283_15
*******************************************************************


#Mogul file location:               /local/pcurran/CCDC/CSD_2020/data
#rotatable bonds:             4
   #CSD rotamer library:      4 / 4
   #user fragment library:    0 / 4
   #no rotamer information:   0 / 4

#flexible ring systems:       1
   #CSD template library:     1 / 1
   #no template:              0 / 1

#conformers generated:        2809
#conformers after clustering: 25

*******************************************************************
Molecule: ZINC59302282_283_16
*******************************************************************


#Mogul file location:               /local/pcurran/CCDC/CSD_2020/data
#rotatable bonds:             3
   #CSD rotamer library:      3 / 3
   #user fragment library:    0 / 3
   #no rotamer information:   0 / 3

#flexible ring systems:       1
   #CSD template library:     1 / 1
   #no template:              0 / 1

#conformers generated:        1680
#conformers after clustering: 25

*******************************************************************
Molecule: ZINC13036430_283_17
*******************************************************************


#Mogul file location:               /local/pcurran/CCDC/CSD_2020/data
#rotatable bonds:             3
   #CSD rotamer library:      3 / 3
   #user fragment library:    0 / 3
   #no rotamer information:   0 / 3

#flexible ring systems:       1
   #CSD template library:     1 / 1
   #no template:              0 / 1

#conformers generated:        11
#conformers after clustering: 4

*******************************************************************
Molecule: ZINC40359777_283_18
*******************************************************************


#Mogul file location:               /local/pcurran/CCDC/CSD_2020/data
#rotatable bonds:             4
   #CSD rotamer library:      4 / 4
   #user fragment library:    0 / 4
   #no rotamer information:   0 / 4

#flexible ring systems:       0
   #CSD template library:     0 / 0
   #no template:              0 / 0

#conformers generated:        344
#conformers after clustering: 25

*******************************************************************
Molecule: ZINC15543209_283_19
*******************************************************************


#Mogul file location:               /local/pcurran/CCDC/CSD_2020/data
#rotatable bonds:             4
   #CSD rotamer library:      4 / 4
   #user fragment library:    0 / 4
   #no rotamer information:   0 / 4

#flexible ring systems:       0
   #CSD template library:     0 / 0
   #no template:              0 / 0

#conformers generated:        1032
#conformers after clustering: 25

*******************************************************************
Molecule: ZINC41353858_283_20
*******************************************************************


#Mogul file location:               /local/pcurran/CCDC/CSD_2020/data
#rotatable bonds:             4
   #CSD rotamer library:      4 / 4
   #user fragment library:    0 / 4
   #no rotamer information:   0 / 4

#flexible ring systems:       0
   #CSD template library:     0 / 0
   #no template:              0 / 0

#conformers generated:        896
#conformers after clustering: 25

*******************************************************************
Molecule: ZINC05200885_283_21
*******************************************************************


#Mogul file location:               /local/pcurran/CCDC/CSD_2020/data
#rotatable bonds:             4
   #CSD rotamer library:      4 / 4
   #user fragment library:    0 / 4
   #no rotamer information:   0 / 4

#flexible ring systems:       2
   #CSD template library:     2 / 2
   #no template:              0 / 2

#conformers generated:        5184
#conformers after clustering: 25

*******************************************************************
Molecule: ZINC05200889_283_22
*******************************************************************


#Mogul file location:               /local/pcurran/CCDC/CSD_2020/data
#rotatable bonds:             4
   #CSD rotamer library:      4 / 4
   #user fragment library:    0 / 4
   #no rotamer information:   0 / 4

#flexible ring systems:       2
   #CSD template library:     2 / 2
   #no template:              0 / 2

#conformers generated:        12672
#conformers after clustering: 25

*******************************************************************
Molecule: ZINC05997455_283_23
*******************************************************************


#Mogul file location:               /local/pcurran/CCDC/CSD_2020/data
#rotatable bonds:             3
   #CSD rotamer library:      3 / 3
   #user fragment library:    0 / 3
   #no rotamer information:   0 / 3

#flexible ring systems:       1
   #CSD template library:     1 / 1
   #no template:              0 / 1

#conformers generated:        1136
#conformers after clustering: 25

*******************************************************************
Molecule: ZINC05997455_283_24
*******************************************************************


#Mogul file location:               /local/pcurran/CCDC/CSD_2020/data
#rotatable bonds:             3
   #CSD rotamer library:      3 / 3
   #user fragment library:    0 / 3
   #no rotamer information:   0 / 3

#flexible ring systems:       1
   #CSD template library:     1 / 1
   #no template:              0 / 1

#conformers generated:        896
#conformers after clustering: 20

*******************************************************************
Molecule: ZINC12348018_283_25
*******************************************************************


#Mogul file location:               /local/pcurran/CCDC/CSD_2020/data
#rotatable bonds:             2
   #CSD rotamer library:      2 / 2
   #user fragment library:    0 / 2
   #no rotamer information:   0 / 2

#flexible ring systems:       1
   #CSD template library:     1 / 1
   #no template:              0 / 1

#conformers generated:        104
#conformers after clustering: 15

*******************************************************************
Molecule: ZINC67259746_283_26
*******************************************************************


#Mogul file location:               /local/pcurran/CCDC/CSD_2020/data
#rotatable bonds:             5
   #CSD rotamer library:      5 / 5
   #user fragment library:    0 / 5
   #no rotamer information:   0 / 5

#flexible ring systems:       1
   #CSD template library:     1 / 1
   #no template:              0 / 1

#conformers generated:        21000
#conformers after clustering: 25

*******************************************************************
Molecule: ZINC18265313_283_27
*******************************************************************


#Mogul file location:               /local/pcurran/CCDC/CSD_2020/data
#rotatable bonds:             3
   #CSD rotamer library:      3 / 3
   #user fragment library:    0 / 3
   #no rotamer information:   0 / 3

#flexible ring systems:       0
   #CSD template library:     0 / 0
   #no template:              0 / 0

#conformers generated:        398
#conformers after clustering: 25

 573990
#conformers after clustering: 25

*******************************************************************
Molecule: ZINC08448661_282_28
*******************************************************************


#Mogul file location:               /local/pcurran/CCDC/CSD_2020/data
#rotatable bonds:             8
   #CSD rotamer library:      8 / 8
   #user fragment library:    0 / 8
   #no rotamer information:   0 / 8

#flexible ring systems:       1
   #CSD template library:     1 / 1
   #no template:              0 / 1

#conformers generated:        196276
#conformers after clustering: 25

*******************************************************************
Molecule: ZINC08448662_282_29
*******************************************************************


#Mogul file location:               /local/pcurran/CCDC/CSD_2020/data
#rotatable bonds:             8
   #CSD rotamer library:      8 / 8
   #user fragment library:    0 / 8
   #no rotamer information:   0 / 8

#flexible ring systems:       1
   #CSD template library:     1 / 1
   #no template:              0 / 1

#conformers generated:        196659
#conformers after clustering: 25

*******************************************************************
Molecule: ZINC08789678_282_30
*******************************************************************


#Mogul file location:               /local/pcurran/CCDC/CSD_2020/data
#rotatable bonds:             11
   #CSD rotamer library:      11 / 11
   #user fragment library:    0 / 11
   #no rotamer information:   0 / 11

#flexible ring systems:       1
   #CSD template library:     1 / 1
   #no template:              0 / 1

#conformers generated:        91414
#conformers after clustering: 25

*******************************************************************
Molecule: ZINC08812122_282_31
*******************************************************************


#Mogul file location:               /local/pcurran/CCDC/CSD_2020/data
#rotatable bonds:             10
   #CSD rotamer library:      10 / 10
   #user fragment library:    0 / 10
   #no rotamer information:   0 / 10

#flexible ring systems:       1
   #CSD template library:     1 / 1
   #no template:              0 / 1

#conformers generated:        65827
#conformers after clustering: 25

*******************************************************************
Molecule: ZINC08949309_282_32
*******************************************************************


#Mogul file location:               /local/pcurran/CCDC/CSD_2020/data
#rotatable bonds:             12
   #CSD rotamer library:      12 / 12
   #user fragment library:    0 / 12
   #no rotamer information:   0 / 12

#flexible ring systems:       1
   #CSD template library:     1 / 1
   #no template:              0 / 1

#conformers generated:        815719
#conformers after clustering: 25

*******************************************************************
Molecule: ZINC09298376_282_33
*******************************************************************


#Mogul file location:               /local/pcurran/CCDC/CSD_2020/data
#rotatable bonds:             11
   #CSD rotamer library:      9 / 11
   #user fragment library:    2 / 11
   #no rotamer information:   0 / 11

#flexible ring systems:       1
   #CSD template library:     1 / 1
   #no template:              0 / 1

#conformers generated:        973529
#conformers after clustering: 25

*******************************************************************
Molecule: ZINC02255809_282_34
*******************************************************************


#Mogul file location:               /local/pcurran/CCDC/CSD_2020/data
#rotatable bonds:             8
   #CSD rotamer library:      8 / 8
   #user fragment library:    0 / 8
   #no rotamer information:   0 / 8

#flexible ring systems:       1
   #CSD template library:     1 / 1
   #no template:              0 / 1

#conformers generated:        347739
#conformers after clustering: 25

*******************************************************************
Molecule: ZINC09777274_282_35
*******************************************************************


#Mogul file location:               /local/pcurran/CCDC/CSD_2020/data
#rotatable bonds:             10
   #CSD rotamer library:      8 / 10
   #user fragment library:    2 / 10
   #no rotamer information:   0 / 10

#flexible ring systems:       2
   #CSD template library:     1 / 2
   #no template:              1 / 2

#conformers generated:        415779
#conformers after clustering: 25

*******************************************************************
Molecule: ZINC10904391_282_36
*******************************************************************


#Mogul file location:               /local/pcurran/CCDC/CSD_2020/data
#rotatable bonds:             9
   #CSD rotamer library:      9 / 9
   #user fragment library:    0 / 9
   #no rotamer information:   0 / 9

#flexible ring systems:       0
   #CSD template library:     0 / 0
   #no template:              0 / 0

#conformers generated:        504527
#conformers after clustering: 25

*******************************************************************
Molecule: ZINC12263448_282_37
*******************************************************************


#Mogul file location:               /local/pcurran/CCDC/CSD_2020/data
#rotatable bonds:             11
   #CSD rotamer library:      11 / 11
   #user fragment library:    0 / 11
   #no rotamer information:   0 / 11

#flexible ring systems:       1
   #CSD template library:     1 / 1
   #no template:              0 / 1

#conformers generated:        233140
#conformers after clustering: 25

*******************************************************************
Molecule: ZINC12487637_282_38
*******************************************************************


#Mogul file location:               /local/pcurran/CCDC/CSD_2020/data
#rotatable bonds:             12
   #CSD rotamer library:      12 / 12
   #user fragment library:    0 / 12
   #no rotamer information:   0 / 12

#flexible ring systems:       0
   #CSD template library:     0 / 0
   #no template:              0 / 0

#conformers generated:        66960
#conformers after clustering: 25

*******************************************************************
Molecule: ZINC12491439_282_39
*******************************************************************


#Mogul file location:               /local/pcurran/CCDC/CSD_2020/data
#rotatable bonds:             13
   #CSD rotamer library:      13 / 13
   #user fragment library:    0 / 13
   #no rotamer information:   0 / 13

#flexible ring systems:       0
   #CSD template library:     0 / 0
   #no template:              0 / 0

#conformers generated:        126583
#conformers after clustering: 25

*******************************************************************
Molecule: ZINC13501839_282_40
*******************************************************************


#Mogul file location:               /local/pcurran/CCDC/CSD_2020/data
#rotatable bonds:             14
   #CSD rotamer library:      12 / 14
   #user fragment library:    2 / 14
   #no rotamer information:   0 / 14

#flexible ring systems:       0
   #CSD template library:     0 / 0
   #no template:              0 / 0

#conformers generated:        773218
#conformers after clustering: 25

*******************************************************************
Molecule: ZINC13501840_282_41
*******************************************************************


#Mogul file location:               /local/pcurran/CCDC/CSD_2020/data
#rotatable bonds:             14
   #CSD rotamer library:      12 / 14
   #user fragment library:    2 / 14
   #no rotamer information:   0 / 14

#flexible ring systems:       0
   #CSD template library:     0 / 0
   #no template:              0 / 0

#conformers generated:        788824
#conformers after clustering: 25

*******************************************************************
Molecule: ZINC13564460_282_42
*******************************************************************


#Mogul file location:               /local/pcurran/CCDC/CSD_2020/data
#rotatable bonds:             13
   #CSD rotamer library:      13 / 13
   #user fragment library:    0 / 13
   #no rotamer information:   0 / 13

#flexible ring systems:       0
   #CSD template library:     0 / 0
   #no template:              0 / 0

#conformers generated:        299760
#conformers after clustering: 25

*******************************************************************
Molecule: ZINC14645904_282_43
*******************************************************************


#Mogul file location:               /local/pcurran/CCDC/CSD_2020/data
#rotatable bonds:             13
   #CSD rotamer library:      13 / 13
   #user fragment library:    0 / 13
   #no rotamer information:   0 / 13

#flexible ring systems:       1
   #CSD template library:     1 / 1
   #no template:              0 / 1

#conformers generated:        46276
#conformers after clustering: 25

*******************************************************************
Molecule: ZINC14755699_282_44
*******************************************************************


#Mogul file location:               /local/pcurran/CCDC/CSD_2020/data
#rotatable bonds:             12
   #CSD rotamer library:      12 / 12
   #user fragment library:    0 / 12
   #no rotamer information:   0 / 12

#flexible ring systems:       1
   #CSD template library:     1 / 1
   #no template:              0 / 1

#conformers generated:        297082
#conformers after clustering: 25

*******************************************************************
Molecule: ZINC14775285_282_45
*******************************************************************


#Mogul file location:               /local/pcurran/CCDC/CSD_2020/data
#rotatable bonds:             13
   #CSD rotamer library:      13 / 13
   #user fragment library:    0 / 13
   #no rotamer information:   0 / 13

#flexible ring systems:       1
   #CSD template library:     1 / 1
   #no template:              0 / 1

#conformers generated:        59325
#conformers after clustering: 25

*******************************************************************
Molecule: ZINC01819265_282_46
*******************************************************************


#Mogul file location:               /local/pcurran/CCDC/CSD_2020/data
#rotatable bonds:             10
   #CSD rotamer library:      10 / 10
   #user fragment library:    0 / 10
   #no rotamer information:   0 / 10

#flexible ring systems:       0
   #CSD template library:     0 / 0
   #no template:              0 / 0

#conformers generated:        390828
#conformers after clustering: 25

*******************************************************************
Molecule: ZINC02074451_282_47
*******************************************************************


#Mogul file location:               /local/pcurran/CCDC/CSD_2020/data
#rotatable bonds:             10
   #CSD rotamer library:      10 / 10
   #user fragment library:    0 / 10
   #no rotamer information:   0 / 10

#flexible ring systems:       1
   #CSD template library:     1 / 1
   #no template:              0 / 1

#conformers generated:        153270
#conformers after clustering: 25

*******************************************************************
Molecule: ZINC20234549_282_48
*******************************************************************


#Mogul file location:               /local/pcurran/CCDC/CSD_2020/data
#rotatable bonds:             11
   #CSD rotamer library:      11 / 11
   #user fragment library:    0 / 11
   #no rotamer information:   0 / 11

#flexible ring systems:       1
   #CSD template library:     1 / 1
   #no template:              0 / 1

#conformers generated:        273269
#conformers after clustering: 25

*******************************************************************
Molecule: ZINC33058688_282_49
*******************************************************************


#Mogul file location:               /local/pcurran/CCDC/CSD_2020/data
#rotatable bonds:             12
   #CSD rotamer library:      12 / 12
   #user fragment library:    0 / 12
   #no rotamer information:   0 / 12

#flexible ring systems:       1
   #CSD template library:     1 / 1
   #no template:              0 / 1

#conformers generated:        730314
#conformers after clustering: 25

*******************************************************************
Molecule: ZINC34921822_282_50
*******************************************************************


#Mogul file location:               /local/pcurran/CCDC/CSD_2020/data
#rotatable bonds:             11
   #CSD rotamer library:      11 / 11
   #user fragment library:    0 / 11
   #no rotamer information:   0 / 11

#flexible ring systems:       0
   #CSD template library:     0 / 0
   #no template:              0 / 0

#conformers generated:        92702
#conformers after clustering: 25

*******************************************************************
Molecule: ZINC34922807_282_51
*******************************************************************


#Mogul file location:               /local/pcurran/CCDC/CSD_2020/data
#rotatable bonds:             10
   #CSD rotamer library:      10 / 10
   #user fragment library:    0 / 10
   #no rotamer information:   0 / 10

#flexible ring systems:       2
   #CSD template library:     2 / 2
   #no template:              0 / 2

#conformers generated:        321629
#conformers after clustering: 25

*******************************************************************
Molecule: ZINC34978771_282_52
*******************************************************************


#Mogul file location:               /local/pcurran/CCDC/CSD_2020/data
#rotatable bonds:             11
   #CSD rotamer library:      11 / 11
   #user fragment library:    0 / 11
   #no rotamer information:   0 / 11

#flexible ring systems:       1
   #CSD template library:     1 / 1
   #no template:              0 / 1

#conformers generated:        140592
#conformers after clustering: 25

*******************************************************************
Molecule: ZINC35636700_282_53
*******************************************************************


#Mogul file location:               /local/pcurran/CCDC/CSD_2020/data
#rotatable bonds:             11
   #CSD rotamer library:      11 / 11
   #user fragment library:    0 / 11
   #no rotamer information:   0 / 11

#flexible ring systems:       1
   #CSD template library:     1 / 1
   #no template:              0 / 1

#conformers generated:        1000000
#conformers after clustering: 25

*******************************************************************
Molecule: ZINC35696282_282_54
*******************************************************************


#Mogul file location:               /local/pcurran/CCDC/CSD_2020/data
#rotatable bonds:             11
   #CSD rotamer library:      11 / 11
   #user fragment library:    0 / 11
   #no rotamer information:   0 / 11

#flexible ring systems:       2
   #CSD template library:     2 / 2
   #no template:              0 / 2

#conformers generated:        241401
#conformers after clustering: 25

*******************************************************************
Molecule: ZINC35751119_282_55
*******************************************************************


#Mogul file location:               /local/pcurran/CCDC/CSD_2020/data
#rotatable bonds:             10
   #CSD rotamer library:      10 / 10
   #user fragment library:    0 / 10
   #no rotamer information:   0 / 10

#flexible ring systems:       2
   #CSD template library:     2 / 2
   #no template:              0 / 2

#conformers generated:        458584
#conformers after clustering: 25

*******************************************************************
Molecule: ZINC04765334_282_56
*******************************************************************


#Mogul file location:               /local/pcurran/CCDC/CSD_2020/data
#rotatable bonds:             8
   #CSD rotamer library:      8 / 8
   #user fragment library:    0 / 8
   #no rotamer information:   0 / 8

#flexible ring systems:       2
   #CSD template library:     2 / 2
   #no template:              0 / 2

#conformers generated:        617075
#conformers after clustering: 25

*******************************************************************
Molecule: ZINC36217072_282_57
*******************************************************************


#Mogul file location:               /local/pcurran/CCDC/CSD_2020/data
#rotatable bonds:             10
   #CSD rotamer library:      10 / 10
   #user fragment library:    0 / 10
   #no rotamer information:   0 / 10

#flexible ring systems:       1
   #CSD template library:     1 / 1
   #no template:              0 / 1

#conformers generated:        619324
#conformers after clustering: 25

*******************************************************************
Molecule: ZINC36217419_282_58
*******************************************************************


#Mogul file location:               /local/pcurran/CCDC/CSD_2020/data
#rotatable bonds:             10
   #CSD rotamer library:      10 / 10
   #user fragment library:    0 / 10
   #no rotamer information:   0 / 10

#flexible ring systems:       2
   #CSD template library:     2 / 2
   #no template:              0 / 2

#conformers generated:        677143
#conformers after clustering: 25

*******************************************************************
Molecule: ZINC36253190_282_59
*******************************************************************


#Mogul file location:               /local/pcurran/CCDC/CSD_2020/data
#rotatable bonds:             12
   #CSD rotamer library:      12 / 12
   #user fragment library:    0 / 12
   #no rotamer information:   0 / 12

#flexible ring systems:       0
   #CSD template library:     0 / 0
   #no template:              0 / 0

#conformers generated:        219738
#conformers after clustering: 25

*******************************************************************
Molecule: ZINC33936922_282_60
*******************************************************************


#Mogul file location:               /local/pcurran/CCDC/CSD_2020/data
#rotatable bonds:             10
   #CSD rotamer library:      10 / 10
   #user fragment library:    0 / 10
   #no rotamer information:   0 / 10

#flexible ring systems:       1
   #CSD template library:     1 / 1
   #no template:              0 / 1

#conformers generated:        508362
#conformers after clustering: 25

*******************************************************************
Molecule: ZINC36497908_282_61
*******************************************************************


#Mogul file location:               /local/pcurran/CCDC/CSD_2020/data
#rotatable bonds:             11
   #CSD rotamer library:      11 / 11
   #user fragment library:    0 / 11
   #no rotamer information:   0 / 11

#flexible ring systems:       0
   #CSD template library:     0 / 0
   #no template:              0 / 0

#conformers generated:        25100
#conformers after clustering: 25

*******************************************************************
Molecule: ZINC36512934_282_62
*******************************************************************


#Mogul file location:               /local/pcurran/CCDC/CSD_2020/data
#rotatable bonds:             14
   #CSD rotamer library:      14 / 14
   #user fragment library:    0 / 14
   #no rotamer information:   0 / 14

#flexible ring systems:       0
   #CSD template library:     0 / 0
   #no template:              0 / 0

#conformers generated:        86814
#conformers after clustering: 25

*******************************************************************
Molecule: ZINC36534233_282_63
*******************************************************************


#Mogul file location:               /local/pcurran/CCDC/CSD_2020/data
#rotatable bonds:             12
   #CSD rotamer library:      12 / 12
   #user fragment library:    0 / 12
   #no rotamer information:   0 / 12

#flexible ring systems:       0
   #CSD template library:     0 / 0
   #no template:              0 / 0

#conformers generated:        126141
#conformers after clustering: 25

*******************************************************************
Molecule: ZINC36549104_282_64
*******************************************************************


#Mogul file location:               /local/pcurran/CCDC/CSD_2020/data
#rotatable bonds:             11
   #CSD rotamer library:      11 / 11
   #user fragment library:    0 / 11
   #no rotamer information:   0 / 11

#flexible ring systems:       0
   #CSD template library:     0 / 0
   #no template:              0 / 0

#conformers generated:        89625
#conformers after clustering: 25

*******************************************************************
Molecule: ZINC36588700_282_65
*******************************************************************


#Mogul file location:               /local/pcurran/CCDC/CSD_2020/data
#rotatable bonds:             11
   #CSD rotamer library:      11 / 11
   #user fragment library:    0 / 11
   #no rotamer information:   0 / 11

#flexible ring systems:       0
   #CSD template library:     0 / 0
   #no template:              0 / 0

#conformers generated:        312
#conformers after clustering: 5

*******************************************************************
Molecule: ZINC39730298_282_66
*******************************************************************


#Mogul file location:               /local/pcurran/CCDC/CSD_2020/data
#rotatable bonds:             10
   #CSD rotamer library:      10 / 10
   #user fragment library:    0 / 10
   #no rotamer information:   0 / 10

#flexible ring systems:       2
   #CSD template library:     2 / 2
   #no template:              0 / 2

#conformers generated:        607238
#conformers after clustering: 25

*******************************************************************
Molecule: ZINC40040989_282_67
*******************************************************************


#Mogul file location:               /local/pcurran/CCDC/CSD_2020/data
#rotatable bonds:             8
   #CSD rotamer library:      8 / 8
   #user fragment library:    0 / 8
   #no rotamer information:   0 / 8

#flexible ring systems:       1
   #CSD template library:     1 / 1
   #no template:              0 / 1

#conformers generated:        1000000
#conformers after clustering: 25

*******************************************************************
Molecule: ZINC39914189_282_68
*******************************************************************


#Mogul file location:               /local/pcurran/CCDC/CSD_2020/data
#rotatable bonds:             11
   #CSD rotamer library:      11 / 11
   #user fragment library:    0 / 11
   #no rotamer information:   0 / 11

#flexible ring systems:       1
   #CSD template library:     1 / 1
   #no template:              0 / 1

#conformers generated:        178259
#conformers after clustering: 25

*******************************************************************
Molecule: ZINC40548012_282_69
*******************************************************************


#Mogul file location:               /local/pcurran/CCDC/CSD_2020/data
#rotatable bonds:             8
   #CSD rotamer library:      8 / 8
   #user fragment library:    0 / 8
   #no rotamer information:   0 / 8

#flexible ring systems:       2
   #CSD template library:     2 / 2
   #no template:              0 / 2

#conformers generated:        275812
#conformers after clustering: 25

*******************************************************************
Molecule: ZINC38706051_282_70
*******************************************************************


#Mogul file location:               /local/pcurran/CCDC/CSD_2020/data
#rotatable bonds:             11
   #CSD rotamer library:      11 / 11
   #user fragment library:    0 / 11
   #no rotamer information:   0 / 11

#flexible ring systems:       1
   #CSD template library:     1 / 1
   #no template:              0 / 1

#conformers generated:        123448
#conformers after clustering: 25

*******************************************************************
Molecule: ZINC40919912_282_71
*******************************************************************


#Mogul file location:               /local/pcurran/CCDC/CSD_2020/data
#rotatable bonds:             9
   #CSD rotamer library:      9 / 9
   #user fragment library:    0 / 9
   #no rotamer information:   0 / 9

#flexible ring systems:       1
   #CSD template library:     1 / 1
   #no template:              0 / 1

#conformers generated:        240930
#conformers after clustering: 25

*******************************************************************
Molecule: ZINC00875041_282_72
*******************************************************************


#Mogul file location:               /local/pcurran/CCDC/CSD_2020/data
#rotatable bonds:             11
   #CSD rotamer library:      11 / 11
   #user fragment library:    0 / 11
   #no rotamer information:   0 / 11

#flexible ring systems:       1
   #CSD template library:     1 / 1
   #no template:              0 / 1

#conformers generated:        176518
#conformers after clustering: 25

*******************************************************************
Molecule: ZINC00885305_282_73
*******************************************************************


#Mogul file location:               /local/pcurran/CCDC/CSD_2020/data
#rotatable bonds:             9
   #CSD rotamer library:      9 / 9
   #user fragment library:    0 / 9
   #no rotamer information:   0 / 9

#flexible ring systems:       1
   #CSD template library:     1 / 1
   #no template:              0 / 1

#conformers generated:        470752
#conformers after clustering: 25

*******************************************************************
Molecule: ZINC01872092_282_74
*******************************************************************


#Mogul file location:               /local/pcurran/CCDC/CSD_2020/data
#rotatable bonds:             10
   #CSD rotamer library:      10 / 10
   #user fragment library:    0 / 10
   #no rotamer information:   0 / 10

#flexible ring systems:       1
   #CSD template library:     1 / 1
   #no template:              0 / 1

#conformers generated:        1000000
#conformers after clustering: 25

*******************************************************************
Molecule: ZINC39945660_282_75
*******************************************************************


#Mogul file location:               /local/pcurran/CCDC/CSD_2020/data
#rotatable bonds:             11
   #CSD rotamer library:      11 / 11
   #user fragment library:    0 / 11
   #no rotamer information:   0 / 11

#flexible ring systems:       1
   #CSD template library:     1 / 1
   #no template:              0 / 1

#conformers generated:        132730
#conformers after clustering: 25

*******************************************************************
Molecule: ZINC02108130_282_76
*******************************************************************


#Mogul file location:               /local/pcurran/CCDC/CSD_2020/data
#rotatable bonds:             3
   #CSD rotamer library:      3 / 3
   #user fragment library:    0 / 3
   #no rotamer information:   0 / 3

#flexible ring systems:       1
   #CSD template library:     1 / 1
   #no template:              0 / 1

#conformers generated:        128
#conformers after clustering: 16

*******************************************************************
Molecule: ZINC04064920_282_77
*******************************************************************


#Mogul file location:               /local/pcurran/CCDC/CSD_2020/data
#rotatable bonds:             4
   #CSD rotamer library:      4 / 4
   #user fragment library:    0 / 4
   #no rotamer information:   0 / 4

#flexible ring systems:       1
   #CSD template library:     0 / 1
   #no template:              1 / 1

#conformers generated:        246
#conformers after clustering: 8

*******************************************************************
Molecule: ZINC00999611_282_78
*******************************************************************


#Mogul file location:               /local/pcurran/CCDC/CSD_2020/data
#rotatable bonds:             4
   #CSD rotamer library:      4 / 4
   #user fragment library:    0 / 4
   #no rotamer information:   0 / 4

#flexible ring systems:       2
   #CSD template library:     2 / 2
   #no template:              0 / 2

#conformers generated:        6360
#conformers after clustering: 25

*******************************************************************
Molecule: ZINC01368024_282_79
*******************************************************************


#Mogul file location:               /local/pcurran/CCDC/CSD_2020/data
#rotatable bonds:             4
   #CSD rotamer library:      4 / 4
   #user fragment library:    0 / 4
   #no rotamer information:   0 / 4

#flexible ring systems:       2
   #CSD template library:     2 / 2
   #no template:              0 / 2

#conformers generated:        9286
#conformers after clustering: 25

*******************************************************************
Molecule: ZINC00691385_282_80
*******************************************************************


#Mogul file location:               /local/pcurran/CCDC/CSD_2020/data
#rotatable bonds:             4
   #CSD rotamer library:      4 / 4
   #user fragment library:    0 / 4
   #no rotamer information:   0 / 4

#flexible ring systems:       2
   #CSD template library:     2 / 2
   #no template:              0 / 2

#conformers generated:        3127
#conformers after clustering: 25

*******************************************************************
Molecule: ZINC04607646_282_81
*******************************************************************


#Mogul file location:               /local/pcurran/CCDC/CSD_2020/data
#rotatable bonds:             6
   #CSD rotamer library:      6 / 6
   #user fragment library:    0 / 6
   #no rotamer information:   0 / 6

#flexible ring systems:       1
   #CSD template library:     1 / 1
   #no template:              0 / 1

#conformers generated:        118448
#conformers after clustering: 25

*******************************************************************
Molecule: ZINC04670304_282_82
*******************************************************************


#Mogul file location:               /local/pcurran/CCDC/CSD_2020/data
#rotatable bonds:             4
   #CSD rotamer library:      4 / 4
   #user fragment library:    0 / 4
   #no rotamer information:   0 / 4

#flexible ring systems:       2
   #CSD template library:     2 / 2
   #no template:              0 / 2

#conformers generated:        642
#conformers after clustering: 25

*******************************************************************
Molecule: ZINC04670306_282_83
*******************************************************************


#Mogul file location:               /local/pcurran/CCDC/CSD_2020/data
#rotatable bonds:             4
   #CSD rotamer library:      4 / 4
   #user fragment library:    0 / 4
   #no rotamer information:   0 / 4

#flexible ring systems:       2
   #CSD template library:     2 / 2
   #no template:              0 / 2

#conformers generated:        580
#conformers after clustering: 25

*******************************************************************
Molecule: ZINC00997488_282_84
*******************************************************************


#Mogul file location:               /local/pcurran/CCDC/CSD_2020/data
#rotatable bonds:             4
   #CSD rotamer library:      4 / 4
   #user fragment library:    0 / 4
   #no rotamer information:   0 / 4

#flexible ring systems:       1
   #CSD template library:     1 / 1
   #no template:              0 / 1

#conformers generated:        648
#conformers after clustering: 24

*******************************************************************
Molecule: ZINC04971760_282_85
*******************************************************************


#Mogul file location:               /local/pcurran/CCDC/CSD_2020/data
#rotatable bonds:             4
   #CSD rotamer library:      4 / 4
   #user fragment library:    0 / 4
   #no rotamer information:   0 / 4

#flexible ring systems:       1
   #CSD template library:     1 / 1
   #no template:              0 / 1

#conformers generated:        1938
#conformers after clustering: 25

*******************************************************************
Molecule: ZINC06624570_282_86
*******************************************************************


#Mogul file location:               /local/pcurran/CCDC/CSD_2020/data
#rotatable bonds:             4
   #CSD rotamer library:      4 / 4
   #user fragment library:    0 / 4
   #no rotamer information:   0 / 4

#flexible ring systems:       1
   #CSD template library:     1 / 1
   #no template:              0 / 1

#conformers generated:        540
#conformers after clustering: 25

*******************************************************************
Molecule: ZINC07377621_282_87
*******************************************************************


#Mogul file location:               /local/pcurran/CCDC/CSD_2020/data
#rotatable bonds:             4
   #CSD rotamer library:      4 / 4
   #user fragment library:    0 / 4
   #no rotamer information:   0 / 4

#flexible ring systems:       2
   #CSD template library:     2 / 2
   #no template:              0 / 2

#conformers generated:        2468
#conformers after clustering: 25

*******************************************************************
Molecule: ZINC09691112_282_88
*******************************************************************


#Mogul file location:               /local/pcurran/CCDC/CSD_2020/data
#rotatable bonds:             3
   #CSD rotamer library:      3 / 3
   #user fragment library:    0 / 3
   #no rotamer information:   0 / 3

#flexible ring systems:       1
   #CSD template library:     1 / 1
   #no template:              0 / 1

#conformers generated:        267
#conformers after clustering: 25

*******************************************************************
Molecule: ZINC09908999_282_89
*******************************************************************


#Mogul file location:               /local/pcurran/CCDC/CSD_2020/data
#rotatable bonds:             3
   #CSD rotamer library:      3 / 3
   #user fragment library:    0 / 3
   #no rotamer information:   0 / 3

#flexible ring systems:       1
   #CSD template library:     1 / 1
   #no template:              0 / 1

#conformers generated:        552
#conformers after clustering: 25

*******************************************************************
Molecule: ZINC12599174_282_90
*******************************************************************


#Mogul file location:               /local/pcurran/CCDC/CSD_2020/data
#rotatable bonds:             3
   #CSD rotamer library:      3 / 3
   #user fragment library:    0 / 3
   #no rotamer information:   0 / 3

#flexible ring systems:       2
   #CSD template library:     2 / 2
   #no template:              0 / 2

#conformers generated:        792
#conformers after clustering: 25

*******************************************************************
Molecule: ZINC04124644_282_91
*******************************************************************


#Mogul file location:               /local/pcurran/CCDC/CSD_2020/data
#rotatable bonds:             3
   #CSD rotamer library:      3 / 3
   #user fragment library:    0 / 3
   #no rotamer information:   0 / 3

#flexible ring systems:       0
   #CSD template library:     0 / 0
   #no template:              0 / 0

#conformers generated:        224
#conformers after clustering: 8

*******************************************************************
Molecule: ZINC19959815_282_92
*******************************************************************


#Mogul file location:               /local/pcurran/CCDC/CSD_2020/data
#rotatable bonds:             2
   #CSD rotamer library:      2 / 2
   #user fragment library:    0 / 2
   #no rotamer information:   0 / 2

#flexible ring systems:       1
   #CSD template library:     1 / 1
   #no template:              0 / 1

#conformers generated:        71
#conformers after clustering: 3

*******************************************************************
Molecule: ZINC20642186_282_93
*******************************************************************


#Mogul file location:               /local/pcurran/CCDC/CSD_2020/data
#rotatable bonds:             3
   #CSD rotamer library:      3 / 3
   #user fragment library:    0 / 3
   #no rotamer information:   0 / 3

#flexible ring systems:       1
   #CSD template library:     1 / 1
   #no template:              0 / 1

#conformers generated:        72
#conformers after clustering: 2

*******************************************************************
Molecule: ZINC20673484_282_94
*******************************************************************


#Mogul file location:               /local/pcurran/CCDC/CSD_2020/data
#rotatable bonds:             2
   #CSD rotamer library:      2 / 2
   #user fragment library:    0 / 2
   #no rotamer information:   0 / 2

#flexible ring systems:       1
   #CSD template library:     1 / 1
   #no template:              0 / 1

#conformers generated:        84
#conformers after clustering: 16

*******************************************************************
Molecule: ZINC20745458_282_95
*******************************************************************


#Mogul file location:               /local/pcurran/CCDC/CSD_2020/data
#rotatable bonds:             3
   #CSD rotamer library:      3 / 3
   #user fragment library:    0 / 3
   #no rotamer information:   0 / 3

#flexible ring systems:       1
   #CSD template library:     1 / 1
   #no template:              0 / 1

#conformers generated:        432
#conformers after clustering: 25

*******************************************************************
Molecule: ZINC21661012_282_96
*******************************************************************


#Mogul file location:               /local/pcurran/CCDC/CSD_2020/data
#rotatable bonds:             2
   #CSD rotamer library:      2 / 2
   #user fragment library:    0 / 2
   #no rotamer information:   0 / 2

#flexible ring systems:       1
   #CSD template library:     1 / 1
   #no template:              0 / 1

#conformers generated:        54
#conformers after clustering: 21

*******************************************************************
Molecule: ZINC22626131_282_97
*******************************************************************


#Mogul file location:               /local/pcurran/CCDC/CSD_2020/data
#rotatable bonds:             3
   #CSD rotamer library:      3 / 3
   #user fragment library:    0 / 3
   #no rotamer information:   0 / 3

#flexible ring systems:       1
   #CSD template library:     1 / 1
   #no template:              0 / 1

#conformers generated:        51
#conformers after clustering: 18

*******************************************************************
Molecule: ZINC28052339_282_98
*******************************************************************


#Mogul file location:               /local/pcurran/CCDC/CSD_2020/data
#rotatable bonds:             3
   #CSD rotamer library:      3 / 3
   #user fragment library:    0 / 3
   #no rotamer information:   0 / 3

#flexible ring systems:       1
   #CSD template library:     1 / 1
   #no template:              0 / 1

#conformers generated:        288
#conformers after clustering: 12

*******************************************************************
Molecule: ZINC31663319_282_99
*******************************************************************


#Mogul file location:               /local/pcurran/CCDC/CSD_2020/data
#rotatable bonds:             4
   #CSD rotamer library:      4 / 4
   #user fragment library:    0 / 4
   #no rotamer information:   0 / 4

#flexible ring systems:       0
   #CSD template library:     0 / 0
   #no template:              0 / 0

#conformers generated:        1360
#conformers after clustering: 25


   #no rotamer information:   0 / 9

#flexible ring systems:       2
   #CSD template library:     2 / 2
   #no template:              0 / 2

#conformers generated:        329093
#conformers after clustering: 25

