________________________________________________________________________________

SuperStar Version 2020.1                           2020 release
________________________________________________________________________________



--------------------------------------------------------------------------------
SuperStar settings
--------------------------------------------------------------------------------

Jobname          : Aromatic_CH_Carbon

Calculation type : SUPERSTAR
Data source      : Intermolecular interactions as observed in the CSD
Fragment set     : Compatible with small molecules

Probe            : AROMATIC CH CARBON
VdW radius       : 1.70  (Angstrom)

Using the following SuperStar fragment libraries:

    /local/pcurran/CCDC/CSD_2020/suplib/csd_subfrag_protein.spst
    /local/pcurran/CCDC/CSD_2020/suplib/csd_subfrag_small.spst
    /local/pcurran/CCDC/CSD_2020/suplib/csd_groups_small.spst
    /local/pcurran/CCDC/CSD_2020/suplib/csd_groups_hetcycles.spst
    /local/pcurran/CCDC/CSD_2020/suplib/csd_metals.spst
    /local/pcurran/CCDC/CSD_2020/suplib/csd_flex_small.spst

Grid spacing     :  0.70 (Angstrom)

Correction method: off
Map calculation  : all maps are combined by multiplication.
Map calculation  : Full propensity range used for polar-polar maps.
Map combination  : Significance level (0.0010); Poisson-type check.
IsoStar data     : removing backbone-backbone contacts
Peak fitting     : on

Cycles           : 1 peak fitting cycles
Peak height      : minimum of 1.01

Torsion distribs : turned off by user
Map distribution : propensity calculation by application of a Gaussian function (sigma= 0.50 Angstrom)
                   Smearing calculated up to 2.0 sigmas

File locations:
 SuperStar root: /local/pcurran/CCDC/CSD_2020
 IsoStar data:   /local/pcurran/CCDC/CSD_2020/isostar_files/istr

--------------------------------------------------------------------------------
Active substructures
--------------------------------------------------------------------------------

LZ11301   
________________________________________________________________________________

--------------------------------------------------------------------------------
2D Connectivity Matching (match scores)
--------------------------------------------------------------------------------

    1. pyrazole
         7 N        N.pl3    LZ11301          7.0000
         9 N2       N.2      LZ11301          7.0000
         8 C9       C.2      LZ11301          7.0000
        15 H6       H        LZ11301          7.0000
        14 H5       H        LZ11301          7.0000
    2. phenyl
         1 C1       C.ar     LZ11301         10.2500
         2 C2       C.ar     LZ11301         10.2500
         3 C3       C.ar     LZ11301         10.2500
         4 C4       C.ar     LZ11301         10.2500
         5 C5       C.ar     LZ11301         10.2500
         6 C6       C.ar     LZ11301         10.2500
        10 H1       H        LZ11301         10.2500
        11 H2       H        LZ11301         10.2500
        12 H3       H        LZ11301         10.2500
        13 H4       H        LZ11301         10.2500
________________________________________________________________________________

--------------------------------------------------------------------------------
3D Fragment Superposition
--------------------------------------------------------------------------------

________________________________________________________________________________
    1. phenyl
         7 N        N.pl3    LZ11301      backbone         0.3411
         1 C1       C.ar     LZ11301      target           0.0485
         2 C2       C.ar     LZ11301      target           0.0158
         3 C3       C.ar     LZ11301      target           0.0308
         4 C4       C.ar     LZ11301      target           0.0401
         5 C5       C.ar     LZ11301      target           0.0497
         6 C6       C.ar     LZ11301      target           0.0490
         8 C9       C.2      LZ11301      backbone         0.4569
        10 H1       H        LZ11301      target           0.0439
        11 H2       H        LZ11301      target           0.0456
        12 H3       H        LZ11301      target           0.0572
        13 H4       H        LZ11301      target           0.0506
    2. aromatic C-H
         9 N2       N.2      LZ11301      backbone         0.0912
         2 C2       C.ar     LZ11301      backbone         0.0858
         8 C9       C.2      LZ11301      target           0.0505
        14 H5       H        LZ11301      backbone         0.0571
    3. aromatic N, all
         7 N        N.pl3    LZ11301      backbone         0.0554
         9 N2       N.2      LZ11301      target           0.0599
         8 C9       C.2      LZ11301      backbone         0.0591
    4. aromatic N-H, uncharged, in 5-rings
         1 C1       C.ar     LZ11301      backbone         0.0197
         7 N        N.pl3    LZ11301      target           0.0156
         9 N2       N.2      LZ11301      backbone         0.0190
        15 H6       H        LZ11301      target           0.0070

--------------------------------------------------------------------------------
Map statistics
--------------------------------------------------------------------------------

Grid spacing:        0.70 Angstrom

Boundaries: x:      18.90 -  34.30 Angstrom
            y:      -2.80 -  12.60 Angstrom
            z:      56.70 -  71.40 Angstrom

Accessible volume:   0.00 cubic Angstrom
Minimum density:     0.00 per cubic Angstrom
Maximum density:     4.97 per cubic Angstrom
Mean density:        0.00 per cubic Angstrom
________________________________________________________________________________

--------------------------------------------------------------------------------
PEAK FITTING
--------------------------------------------------------------------------------

Final peak/map similarity: 0.5871  min_height   1.01 min_dist   1.00 ncycles 1

--------------------------------------------------------------------------------
Final list of SuperStar peaks
--------------------------------------------------------------------------------

 nr       x(A)       y(A)       z(A)         ho    int(A3)   sigma(A)
--------------------------------------------------------------------------------
  1    23.8392     7.1000    65.7549     4.9662     7.5459     0.8573
  2    27.9558     5.2758    60.2442     4.4604     9.3366     1.1810
  3    23.1000     2.8000    60.9000     4.0914     5.7076     0.7871
  4    21.7608     3.5608    62.2923     3.3793     6.4214     1.0721
  5    30.0795     8.4620    64.3380     3.3226     3.9789     0.6756
  6    25.4099    10.4598    62.3731     3.2462     5.8900     1.0237
  7    26.9985    10.4343    62.5831     3.1651    10.8010     1.9253
  8    22.7886     7.3095    60.1826     2.9888     7.0744     1.3354
  9    29.1092     9.1000    65.7286     2.9504     4.1163     0.7871
 10    23.1728     8.7886    60.9728     2.9044     5.1255     0.9957
 11    26.6000     9.7577    60.9000     2.8850     4.5389     0.8876
 12    29.3258     9.7258    64.1428     2.8585     4.3651     0.8616
 13    24.5000     8.1271    59.5808     2.8109     5.0172     1.0070
 14    27.3000     9.0929    66.4172     2.6129     3.3633     0.7262
 15    22.4000     4.2000    60.2000     2.6054     3.7531     0.8127
 16    25.3071     3.6283    67.8174     2.1340     3.5039     0.9264
 17    28.5539     2.1329    62.3742     1.6974     5.1553     1.7135
 18    30.7474     2.9563    63.8563     1.6194     2.4646     0.8587
 19    26.7758     4.7449    68.5410     1.4953     2.0488     0.7730
--------------------------------------------------------------------------------
