________________________________________________________________________________

SuperStar Version 2020.1                           2020 release
________________________________________________________________________________



--------------------------------------------------------------------------------
SuperStar settings
--------------------------------------------------------------------------------

Jobname          : Uncharged_NH_Nitrogen

Calculation type : SUPERSTAR
Data source      : Intermolecular interactions as observed in the CSD
Fragment set     : Compatible with small molecules

Probe            : UNCHARGED NH NITROGEN
VdW radius       : 1.55  (Angstrom)

Using the following SuperStar fragment libraries:

    /local/pcurran/CCDC/CSD_2020/suplib/csd_subfrag_protein.spst
    /local/pcurran/CCDC/CSD_2020/suplib/csd_subfrag_small.spst
    /local/pcurran/CCDC/CSD_2020/suplib/csd_groups_small.spst
    /local/pcurran/CCDC/CSD_2020/suplib/csd_groups_hetcycles.spst
    /local/pcurran/CCDC/CSD_2020/suplib/csd_metals.spst
    /local/pcurran/CCDC/CSD_2020/suplib/csd_flex_small.spst

Grid spacing     :  0.70 (Angstrom)

Correction method: off
Map calculation  : all maps are combined by multiplication.
Map calculation  : Full propensity range used for polar-polar maps.
Map combination  : Significance level (0.0010); Poisson-type check.
IsoStar data     : removing backbone-backbone contacts
Peak fitting     : on

Cycles           : 1 peak fitting cycles
Peak height      : minimum of 1.01

Torsion distribs : turned off by user
Map distribution : propensity calculation by application of a Gaussian function (sigma= 0.50 Angstrom)
                   Smearing calculated up to 2.0 sigmas

File locations:
 SuperStar root: /local/pcurran/CCDC/CSD_2020
 IsoStar data:   /local/pcurran/CCDC/CSD_2020/isostar_files/istr

--------------------------------------------------------------------------------
Active substructures
--------------------------------------------------------------------------------

LZ11301   
________________________________________________________________________________

--------------------------------------------------------------------------------
2D Connectivity Matching (match scores)
--------------------------------------------------------------------------------

    1. pyrazole
         7 N        N.pl3    LZ11301          7.0000
         9 N2       N.2      LZ11301          7.0000
         8 C9       C.2      LZ11301          7.0000
        15 H6       H        LZ11301          7.0000
        14 H5       H        LZ11301          7.0000
    2. phenyl
         1 C1       C.ar     LZ11301         10.2500
         2 C2       C.ar     LZ11301         10.2500
         3 C3       C.ar     LZ11301         10.2500
         4 C4       C.ar     LZ11301         10.2500
         5 C5       C.ar     LZ11301         10.2500
         6 C6       C.ar     LZ11301         10.2500
        10 H1       H        LZ11301         10.2500
        11 H2       H        LZ11301         10.2500
        12 H3       H        LZ11301         10.2500
        13 H4       H        LZ11301         10.2500
________________________________________________________________________________

--------------------------------------------------------------------------------
3D Fragment Superposition
--------------------------------------------------------------------------------

________________________________________________________________________________
    1. phenyl
         7 N        N.pl3    LZ11301      backbone         0.3410
         1 C1       C.ar     LZ11301      target           0.0485
         2 C2       C.ar     LZ11301      target           0.0157
         3 C3       C.ar     LZ11301      target           0.0315
         4 C4       C.ar     LZ11301      target           0.0400
         5 C5       C.ar     LZ11301      target           0.0501
         6 C6       C.ar     LZ11301      target           0.0489
         8 C9       C.2      LZ11301      backbone         0.4559
        10 H1       H        LZ11301      target           0.0430
        11 H2       H        LZ11301      target           0.0449
        12 H3       H        LZ11301      target           0.0567
        13 H4       H        LZ11301      target           0.0500
    2. aromatic C-H
         9 N2       N.2      LZ11301      backbone         0.0912
         2 C2       C.ar     LZ11301      backbone         0.0858
         8 C9       C.2      LZ11301      target           0.0505
        14 H5       H        LZ11301      backbone         0.0571
    3. aromatic N, all
         7 N        N.pl3    LZ11301      backbone         0.0415
         9 N2       N.2      LZ11301      target           0.0454
         8 C9       C.2      LZ11301      backbone         0.0450
    4. aromatic N-H, uncharged, in 5-rings
         1 C1       C.ar     LZ11301      backbone         0.0168
         7 N        N.pl3    LZ11301      target           0.0126
         9 N2       N.2      LZ11301      backbone         0.0154
        15 H6       H        LZ11301      target           0.0044

--------------------------------------------------------------------------------
Map statistics
--------------------------------------------------------------------------------

Grid spacing:        0.70 Angstrom

Boundaries: x:      18.90 -  34.30 Angstrom
            y:      -2.80 -  12.60 Angstrom
            z:      56.70 -  71.40 Angstrom

Accessible volume:   0.00 cubic Angstrom
Minimum density:     0.00 per cubic Angstrom
Maximum density:    18.90 per cubic Angstrom
Mean density:        0.00 per cubic Angstrom
________________________________________________________________________________

--------------------------------------------------------------------------------
PEAK FITTING
--------------------------------------------------------------------------------

Final peak/map similarity: 0.7032  min_height   1.01 min_dist   1.00 ncycles 1

--------------------------------------------------------------------------------
Final list of SuperStar peaks
--------------------------------------------------------------------------------

 nr       x(A)       y(A)       z(A)         ho    int(A3)   sigma(A)
--------------------------------------------------------------------------------
  1    30.2173     2.7710    67.5152    18.9031    26.8364     0.8010
  2    30.0181     4.4108    62.4562     2.6367     5.4376     1.1635
  3    26.7892     6.6803    67.8180     2.6343     9.9252     2.1257
  4    31.4159     4.9790    63.7841     2.5797     7.5954     1.6611
  5    27.9624     4.7765    60.9348     2.1897     3.1863     0.8209
  6    30.6889     2.9111    63.9056     2.0756     3.1315     0.8512
  7    23.9277     6.6615    65.7197     1.8707     4.3093     1.2996
  8    27.3000     4.6282    68.5878     1.7707     3.2876     1.0475
--------------------------------------------------------------------------------
